[2025-01-03 07:36:26] [67] [WARN] Reporting disabled: using no op test run registrar
[2025-01-03 07:36:26] [67] [INFO] TEST [Preferences test - verifyAddingProductToCartTest] STARTED at [16:36:26 2025-01-03]
[2025-01-03 07:36:26] [67] [INFO] Starting driver session...
[2025-01-03 07:36:26] [67] [ERROR] Failed to attach artifact reference 'app' to test run because it has not been started yet.
[2025-01-03 07:36:35] [67] [INFO] Driver session started.
[2025-01-03 07:36:37] [67] [INFO] PASS: keys 'standard_user' are sent to element 'usernameField'.
[2025-01-03 07:36:40] [67] [INFO] PASS: keys 'secret_sauce' are sent to element 'passwordField'.
[2025-01-03 07:36:42] [67] [INFO] PASS: element 'loginButton' is clicked.
[2025-01-03 07:37:09] [67] [INFO] PASS: element 'addToCartButton' is clicked.
[2025-01-03 07:37:34] [67] [ERROR] FAIL: get_text - waitCondition for element 'addToCartButton (AppiumBy.iOSClassChain: **/XCUIElementTypeOther[`name == "ADD TO CART"`])' not satisfied!
[2025-01-03 07:37:34] [67] [ERROR] TEST [Preferences test - verifyAddingProductToCartTest] FAILED at [16:37:34 2025-01-03] - no such element AppiumBy.iOSClassChain: **/XCUIElementTypeOther[`name == "ADD TO CART"`]
For documentation on this error, please visit: https://selenium.dev/exceptions/#no_such_element
Build info: version: '4.7.0', revision: '0a5b49d16f'
System info: os.name: 'Mac OS X', os.arch: 'x86_64', os.version: '15.2', java.version: '21.0.5'
Driver info: driver.version: unknown

com.zebrunner.carina.webdriver.locator.ExtendedElementLocator.findElement(ExtendedElementLocator.java:157)
org.openqa.selenium.support.pagefactory.internal.LocatingElementHandler.invoke(LocatingElementHandler.java:39)
jdk.proxy2/jdk.proxy2.$Proxy89.getText(Unknown Source)
com.zebrunner.carina.webdriver.decorator.ExtendedWebElement$3.doGetText(ExtendedWebElement.java:1621)
com.zebrunner.carina.webdriver.decorator.ExtendedWebElement.executeAction(ExtendedWebElement.java:1415)
com.zebrunner.carina.webdriver.decorator.ExtendedWebElement.overrideAction(ExtendedWebElement.java:1531)
com.zebrunner.carina.webdriver.decorator.ExtendedWebElement.doAction(ExtendedWebElement.java:1510)
com.zebrunner.carina.webdriver.decorator.ExtendedWebElement.doAction(ExtendedWebElement.java:1487)
com.zebrunner.carina.webdriver.decorator.ExtendedWebElement.getText(ExtendedWebElement.java:362)
solvd.carina.demo.gui.ios.components.ProductListComponent.getAddToCartButtonText(ProductListComponent.java:45)
solvd.carina.demo.GUITests.verifyAddingProductToCartTest(GUITests.java:72)
java.base/jdk.internal.reflect.DirectMethodHandleAccessor.invoke(DirectMethodHandleAccessor.java:103)
java.base/java.lang.reflect.Method.invoke(Method.java:580)
org.testng.internal.invokers.MethodInvocationHelper.invokeMethod(MethodInvocationHelper.java:139)
org.testng.internal.invokers.TestInvoker.invokeMethod(TestInvoker.java:677)
org.testng.internal.invokers.TestInvoker.invokeTestMethod(TestInvoker.java:221)
org.testng.internal.invokers.MethodRunner.runInSequence(MethodRunner.java:50)
org.testng.internal.invokers.TestInvoker$MethodInvocationAgent.invoke(TestInvoker.java:969)
org.testng.internal.invokers.TestInvoker.invokeTestMethods(TestInvoker.java:194)
org.testng.internal.invokers.TestMethodWorker.invokeTestMethods(TestMethodWorker.java:148)
org.testng.internal.invokers.TestMethodWorker.run(TestMethodWorker.java:128)
java.base/java.util.ArrayList.forEach(ArrayList.java:1596)
org.testng.TestRunner.privateRun(TestRunner.java:829)
org.testng.TestRunner.run(TestRunner.java:602)
org.testng.SuiteRunner.runTest(SuiteRunner.java:437)
org.testng.SuiteRunner$SuiteWorker.run(SuiteRunner.java:475)
org.testng.internal.thread.ThreadUtil.lambda$execute$0(ThreadUtil.java:58)
java.base/java.util.concurrent.FutureTask.run(FutureTask.java:317)
java.base/java.util.concurrent.ThreadPoolExecutor.runWorker(ThreadPoolExecutor.java:1144)
java.base/java.util.concurrent.ThreadPoolExecutor$Worker.run(ThreadPoolExecutor.java:642)
java.base/java.lang.Thread.run(Thread.java:1583)
